[2020-12-19 20:48:38.000][info]: [main:14]Lua Lsp startup, root: 	/home/doc/.vscode-oss/extensions/sumneko.lua-0.18.2/server
[2020-12-19 20:48:38.001][debug]: [main:15]ROOT:	/home/doc/.vscode-oss/extensions/sumneko.lua-0.18.2/server
[2020-12-19 20:48:38.001][debug]: cannot open /home/doc/.vscode-oss/extensions/sumneko.lua-0.18.2/server/debugger.lua: No such file or directory
[2020-12-19 20:48:38.075][info]: [script.language:125]VSC language: en
[2020-12-19 20:48:38.075][info]: [script.language:126]LS  language: en-us
[2020-12-19 20:48:38.298][debug]: [script.async.async:55]Create thread, id: 	1	task: 	proto
[2020-12-19 20:48:38.340][debug]: [script.service:860]collectgarbage: 	0.042
[2020-12-19 20:48:38.340][debug]: [script.service:931]
State
Main Mem:  [8063.120]kb
#001 Mem:  <Unknown>
-------------------
CachedVM:  [0]
AlivedVM:  [0]
DeadVM:    [0]
-------------------
CachedSrc: [0]
AlivedSrc: [1]
DeadSrc:   [0]
-------------------
CachedFunc:[0]
AlivedFunc:[0]
DeadFunc:  [0]
-------------------
TotalVal:  [0]
DeadVal:   [0]
-------------------
TotalLoc:  [0]
TotalEmmy: [10]

[2020-12-19 20:48:38.340][debug]: [script.service:973]test memory: 	0.000
[2020-12-19 20:48:38.343][info]: [script.method.initialize:21]{
	capabilities = {
		textDocument = {
			callHierarchy = {
				dynamicRegistration = true,
			},
			codeAction = {
				codeActionLiteralSupport = {
					codeActionKind = {
						valueSet = {
							[1] = "",
							[2] = "quickfix",
							[3] = "refactor",
							[4] = "refactor.extract",
							[5] = "refactor.inline",
							[6] = "refactor.rewrite",
							[7] = "source",
							[8] = "source.organizeImports",
						},
					},
				},
				dynamicRegistration = true,
				isPreferredSupport = true,
			},
			codeLens = {
				dynamicRegistration = true,
			},
			colorProvider = {
				dynamicRegistration = true,
			},
			completion = {
				completionItem = {
					commitCharactersSupport = true,
					deprecatedSupport = true,
					documentationFormat = {
						[1] = "markdown",
						[2] = "plaintext",
					},
					insertReplaceSupport = true,
					preselectSupport = true,
					snippetSupport = true,
					tagSupport = {
						valueSet = {
							[1] = 1,
						},
					},
				},
				completionItemKind = {
					valueSet = {
						[01] = 1,
						[02] = 2,
						[03] = 3,
						[04] = 4,
						[05] = 5,
						[06] = 6,
						[07] = 7,
						[08] = 8,
						[09] = 9,
						[10] = 10,
						[11] = 11,
						[12] = 12,
						[13] = 13,
						[14] = 14,
						[15] = 15,
						[16] = 16,
						[17] = 17,
						[18] = 18,
						[19] = 19,
						[20] = 20,
						[21] = 21,
						[22] = 22,
						[23] = 23,
						[24] = 24,
						[25] = 25,
					},
				},
				contextSupport = true,
				dynamicRegistration = true,
			},
			declaration = {
				dynamicRegistration = true,
				linkSupport = true,
			},
			definition = {
				dynamicRegistration = true,
				linkSupport = true,
			},
			documentHighlight = {
				dynamicRegistration = true,
			},
			documentLink = {
				dynamicRegistration = true,
				tooltipSupport = true,
			},
			documentSymbol = {
				["hierarchicalDocumentSymbolSupport"] = true,
				dynamicRegistration = true,
				symbolKind = {
					valueSet = {
						[01] = 1,
						[02] = 2,
						[03] = 3,
						[04] = 4,
						[05] = 5,
						[06] = 6,
						[07] = 7,
						[08] = 8,
						[09] = 9,
						[10] = 10,
						[11] = 11,
						[12] = 12,
						[13] = 13,
						[14] = 14,
						[15] = 15,
						[16] = 16,
						[17] = 17,
						[18] = 18,
						[19] = 19,
						[20] = 20,
						[21] = 21,
						[22] = 22,
						[23] = 23,
						[24] = 24,
						[25] = 25,
						[26] = 26,
					},
				},
				tagSupport = {
					valueSet = {
						[1] = 1,
					},
				},
			},
			foldingRange = {
				dynamicRegistration = true,
				lineFoldingOnly = true,
				rangeLimit = 5000,
			},
			formatting = {
				dynamicRegistration = true,
			},
			hover = {
				contentFormat = {
					[1] = "markdown",
					[2] = "plaintext",
				},
				dynamicRegistration = true,
			},
			implementation = {
				dynamicRegistration = true,
				linkSupport = true,
			},
			onTypeFormatting = {
				dynamicRegistration = true,
			},
			publishDiagnostics = {
				complexDiagnosticCodeSupport = true,
				relatedInformation = true,
				tagSupport = {
					valueSet = {
						[1] = 1,
						[2] = 2,
					},
				},
				versionSupport = false,
			},
			rangeFormatting = {
				dynamicRegistration = true,
			},
			references = {
				dynamicRegistration = true,
			},
			rename = {
				dynamicRegistration = true,
				prepareSupport = true,
			},
			selectionRange = {
				dynamicRegistration = true,
			},
			semanticTokens = {
				dynamicRegistration = true,
				tokenModifiers = {
					[10] = "defaultLibrary",
					[1] = "declaration",
					[2] = "definition",
					[3] = "readonly",
					[4] = "static",
					[5] = "deprecated",
					[6] = "abstract",
					[7] = "async",
					[8] = "modification",
					[9] = "documentation",
				},
				tokenTypes = {
					[01] = "namespace",
					[02] = "type",
					[03] = "class",
					[04] = "enum",
					[05] = "interface",
					[06] = "struct",
					[07] = "typeParameter",
					[08] = "parameter",
					[09] = "variable",
					[10] = "property",
					[11] = "enumMember",
					[12] = "event",
					[13] = "function",
					[14] = "member",
					[15] = "macro",
					[16] = "keyword",
					[17] = "modifier",
					[18] = "comment",
					[19] = "string",
					[20] = "number",
					[21] = "regexp",
					[22] = "operator",
				},
			},
			signatureHelp = {
				contextSupport = true,
				dynamicRegistration = true,
				signatureInformation = {
					activeParameterSupport = true,
					documentationFormat = {
						[1] = "markdown",
						[2] = "plaintext",
					},
					parameterInformation = {
						labelOffsetSupport = true,
					},
				},
			},
			synchronization = {
				didSave = true,
				dynamicRegistration = true,
				willSave = true,
				willSaveWaitUntil = true,
			},
			typeDefinition = {
				dynamicRegistration = true,
				linkSupport = true,
			},
		},
		window = {
			workDoneProgress = true,
		},
		workspace = {
			applyEdit = true,
			configuration = true,
			didChangeConfiguration = {
				dynamicRegistration = true,
			},
			didChangeWatchedFiles = {
				dynamicRegistration = true,
			},
			executeCommand = {
				dynamicRegistration = true,
			},
			symbol = {
				dynamicRegistration = true,
				symbolKind = {
					valueSet = {
						[01] = 1,
						[02] = 2,
						[03] = 3,
						[04] = 4,
						[05] = 5,
						[06] = 6,
						[07] = 7,
						[08] = 8,
						[09] = 9,
						[10] = 10,
						[11] = 11,
						[12] = 12,
						[13] = 13,
						[14] = 14,
						[15] = 15,
						[16] = 16,
						[17] = 17,
						[18] = 18,
						[19] = 19,
						[20] = 20,
						[21] = 21,
						[22] = 22,
						[23] = 23,
						[24] = 24,
						[25] = 25,
						[26] = 26,
					},
				},
				tagSupport = {
					valueSet = {
						[1] = 1,
					},
				},
			},
			workspaceEdit = {
				documentChanges = true,
				failureHandling = "textOnlyTransactional",
				resourceOperations = {
					[1] = "create",
					[2] = "rename",
					[3] = "delete",
				},
			},
			workspaceFolders = true,
		},
	},
	clientInfo = {
		name = "vscode",
		version = "1.52.0",
	},
	processId = 89608,
	rootPath = "/home/doc/.config/nvim",
	rootUri = "file:///home/doc/.config/nvim",
	trace = "off",
	workspaceFolders = {
		[1] = {
			name = "nvim",
			uri = "file:///home/doc/.config/nvim",
		},
	},
}
[2020-12-19 20:48:38.343][info]: [script.service:181]Add workspace	nvim	file:///home/doc/.config/nvim
[2020-12-19 20:48:38.343][debug]: [script.async.async:55]Create thread, id: 	2	task: 	loadfile
[2020-12-19 20:48:38.343][info]: [script.workspace:188]Workspace inited, root: 	/home/doc/.config/nvim
[2020-12-19 20:48:38.343][info]: [script.workspace:189]Workspace inited, uri: 	file:///home/doc/.config/nvim
[2020-12-19 20:48:38.343][info]: [script.workspace:191]Log path: 	/home/doc/.vscode-oss/extensions/sumneko.lua-0.18.2/server/log/file_home_doc_.config_nvim.log
